<?xml version="1.0" encoding="UTF-8"?>
<!-- Generated by org.testng.reporters.JUnitXMLReporter -->
<testsuite ignored="10" hostname="Himanshu" failures="0" tests="2" name="Test" time="0.107" errors="0" timestamp="2026-02-03T21:13:19 IST">
  <testcase classname="com.tfa.vtiger.runner.GroupAttribute" name="infosys" time="0.011"/>
  <testcase classname="com.tfa.vtiger.runner.GroupAttribute" name="wipro" time="0.003"/>
  <testcase classname="com.tfa.vtiger.runner.LoanDepartment" name="ApiLoginAutoMobileLoan" time="0.0">
    <ignored/>
  </testcase> <!-- ApiLoginAutoMobileLoan -->
  <testcase classname="com.tfa.vtiger.runner.TestCase2" name="test4" time="0.0">
    <ignored/>
  </testcase> <!-- test4 -->
  <testcase classname="com.tfa.vtiger.runner.LoanDepartment" name="WebLoginAutoMobileLoan" time="0.0">
    <ignored/>
  </testcase> <!-- WebLoginAutoMobileLoan -->
  <testcase classname="com.tfa.vtiger.runner.GroupAttribute" name="Maruti" time="0.0">
    <ignored/>
  </testcase> <!-- Maruti -->
  <testcase classname="com.tfa.vtiger.runner.TestCase2" name="test3" time="0.0">
    <ignored/>
  </testcase> <!-- test3 -->
  <testcase classname="com.tfa.vtiger.runner.LoanDepartment" name="WebLoginPersonalLoan" time="0.0">
    <ignored/>
  </testcase> <!-- WebLoginPersonalLoan -->
  <testcase classname="com.tfa.vtiger.runner.GroupAttribute" name="tata" time="0.0">
    <ignored/>
  </testcase> <!-- tata -->
  <testcase classname="com.tfa.vtiger.runner.LoanDepartment" name="MobileLoginAutoMobileLoan" time="0.0">
    <ignored/>
  </testcase> <!-- MobileLoginAutoMobileLoan -->
  <testcase classname="com.tfa.vtiger.runner.LoanDepartment" name="ApiLoginPersonalLoan" time="0.0">
    <ignored/>
  </testcase> <!-- ApiLoginPersonalLoan -->
  <testcase classname="com.tfa.vtiger.runner.LoanDepartment" name="MobileLoginPersonalLoan" time="0.0">
    <ignored/>
  </testcase> <!-- MobileLoginPersonalLoan -->
</testsuite> <!-- Test -->
