<?xml version="1.0" encoding="UTF-8"?>
<!-- Generated by org.testng.reporters.JUnitXMLReporter -->
<testsuite ignored="0" hostname="Himanshu" failures="1" tests="2" name="Test" time="52.594" errors="0" timestamp="2026-02-08T15:24:41 IST">
  <testcase classname="com.tfa.vtiger.testscripts.Vtigerautomationng" name="vt001verifyCreateLeads" time="23.757"/>
  <testcase classname="com.tfa.vtiger.testscripts.Vtigerautomationng" name="vt004editLead" time="21.876">
    <failure type="java.lang.AssertionError" message="The result is : - Expected: &amp;apos;Orangee&amp;apos;, Actual: &amp;apos;  Gabbar&amp;apos;">
      <![CDATA[java.lang.AssertionError: The result is : - Expected: 'Orangee', Actual: '  Gabbar'
at org.tfa.vtiger.utils.WebUtil.validateTextEquals(WebUtil.java:932)
at com.tfa.vtiger.testscripts.Vtigerautomationng.vt004editLead(Vtigerautomationng.java:106)
at java.base/java.util.ArrayList.forEach(ArrayList.java:1596)
... Removed 29 stack frames]]>
    </failure>
  </testcase> <!-- vt004editLead -->
</testsuite> <!-- Test -->
