<?xml version="1.0" encoding="UTF-8"?>
<!-- Generated by org.testng.reporters.JUnitReportReporter -->
<testsuite hostname="Himanshu" failures="0" tests="2" name="com.tfa.vtiger.runner.TestNGExample" time="0.016" errors="0" timestamp="2026-01-25T14:43:31 IST" skipped="0">
  <testcase classname="com.tfa.vtiger.runner.TestNGExample" name="test1" time="0.015"/>
  <testcase classname="com.tfa.vtiger.runner.TestNGExample" name="test2" time="0.001"/>
</testsuite> <!-- com.tfa.vtiger.runner.TestNGExample -->
