<?xml version="1.0" encoding="UTF-8"?>
<!-- Generated by org.testng.reporters.JUnitReportReporter -->
<testsuite hostname="Himanshu" failures="0" tests="3" name="BatchTesting.HomeScreenTest" time="0.012" errors="0" timestamp="2026-02-03T21:19:34 IST" skipped="0">
  <testcase classname="BatchTesting.HomeScreenTest" name="VerifyTitle" time="0.008"/>
  <testcase classname="BatchTesting.HomeScreenTest" name="VerifyLogo" time="0.002"/>
  <testcase classname="BatchTesting.HomeScreenTest" name="LaunchApplication" time="0.002"/>
</testsuite> <!-- BatchTesting.HomeScreenTest -->
