<?xml version="1.0" encoding="UTF-8"?>
<!-- Generated by org.testng.reporters.JUnitReportReporter -->
<testsuite hostname="Himanshu" failures="0" tests="3" name="com.tfa.vtiger.runner.LoanDepartment" time="0.027" errors="0" timestamp="2026-01-24T22:11:40 IST" skipped="2">
  <testcase classname="com.tfa.vtiger.runner.LoanDepartment" name="MobileLoginAutoMobileLoan" time="0.027"/>
  <testcase classname="com.tfa.vtiger.runner.LoanDepartment" name="ApiLoginPersonalLoan">
    <skipped/>
  </testcase> <!-- ApiLoginPersonalLoan -->
  <testcase classname="com.tfa.vtiger.runner.LoanDepartment" name="MobileLoginPersonalLoan">
    <skipped/>
  </testcase> <!-- MobileLoginPersonalLoan -->
</testsuite> <!-- com.tfa.vtiger.runner.LoanDepartment -->
