<?xml version="1.0" encoding="UTF-8"?>
<!-- Generated by org.testng.reporters.JUnitReportReporter -->
<testsuite hostname="Himanshu" failures="0" tests="3" name="BatchTesting.ProductPage" time="0.004" errors="0" timestamp="2026-01-25T23:25:42 IST" skipped="0">
  <testcase classname="BatchTesting.ProductPage" name="SelectQuantity" time="0.001"/>
  <testcase classname="BatchTesting.ProductPage" name="AddProductToCart" time="0.002"/>
  <testcase classname="BatchTesting.ProductPage" name="AddProductToWishList" time="0.001"/>
</testsuite> <!-- BatchTesting.ProductPage -->
