<?xml version="1.0" encoding="UTF-8"?>
<!-- Generated by org.testng.reporters.JUnitReportReporter -->
<testsuite hostname="Himanshu" failures="0" tests="3" name="com.tfa.vtiger.runner.DataProviderDemo" time="16.600" errors="0" timestamp="2026-01-25T14:48:48 IST" skipped="0">
  <testcase classname="com.tfa.vtiger.runner.DataProviderDemo" name="testCaseGoogleSearch" time="5.345"/>
  <testcase classname="com.tfa.vtiger.runner.DataProviderDemo" name="testCaseGoogleSearch" time="5.343"/>
  <testcase classname="com.tfa.vtiger.runner.DataProviderDemo" name="testCaseGoogleSearch" time="5.912"/>
</testsuite> <!-- com.tfa.vtiger.runner.DataProviderDemo -->
