<?xml version="1.0" encoding="UTF-8"?>
<!-- Generated by org.testng.reporters.JUnitReportReporter -->
<testsuite hostname="Himanshu" failures="0" tests="2" name="com.tfa.vtiger.runner.ParallelTestDemo1" time="16.371" errors="0" timestamp="2026-01-25T14:48:48 IST" skipped="0">
  <testcase classname="com.tfa.vtiger.runner.ParallelTestDemo1" name="verifyTitle" time="9.257"/>
  <testcase classname="com.tfa.vtiger.runner.ParallelTestDemo1" name="verifLogo" time="7.114"/>
</testsuite> <!-- com.tfa.vtiger.runner.ParallelTestDemo1 -->
