<?xml version="1.0" encoding="UTF-8"?>
<!-- Generated by org.testng.reporters.JUnitReportReporter -->
<testsuite hostname="Himanshu" failures="0" tests="2" name="com.tfa.vtiger.runner.GroupAttribute" time="0.014" errors="0" timestamp="2026-02-03T21:13:20 IST" skipped="0">
  <testcase classname="com.tfa.vtiger.runner.GroupAttribute" name="infosys" time="0.011"/>
  <testcase classname="com.tfa.vtiger.runner.GroupAttribute" name="wipro" time="0.003"/>
</testsuite> <!-- com.tfa.vtiger.runner.GroupAttribute -->
