<?xml version="1.0" encoding="UTF-8"?>
<!-- Generated by org.testng.reporters.JUnitReportReporter -->
<testsuite hostname="Himanshu" failures="0" tests="5" name="com.tfa.vtiger.testscripts.VerifyLeadsTestScripts" time="0.046" errors="0" timestamp="2025-10-09T23:51:00 IST" skipped="0">
  <testcase classname="com.tfa.vtiger.testscripts.VerifyLeadsTestScripts" name="method5" time="0.023"/>
  <testcase classname="com.tfa.vtiger.testscripts.VerifyLeadsTestScripts" name="method4" time="0.006"/>
  <testcase classname="com.tfa.vtiger.testscripts.VerifyLeadsTestScripts" name="ct002VerifyDeleteLead" time="0.004"/>
  <testcase classname="com.tfa.vtiger.testscripts.VerifyLeadsTestScripts" name="method1" time="0.007"/>
  <testcase classname="com.tfa.vtiger.testscripts.VerifyLeadsTestScripts" name="aankaj" time="0.006"/>
</testsuite> <!-- com.tfa.vtiger.testscripts.VerifyLeadsTestScripts -->
