<?xml version="1.0" encoding="UTF-8"?>
<!-- Generated by org.testng.reporters.JUnitXMLReporter -->
<testsuite ignored="0" hostname="Himanshu" failures="1" tests="4" name="Test" time="88.229" errors="0" timestamp="2026-02-08T14:00:13 IST">
  <testcase classname="com.tfa.vtiger.testscripts.Vtigerautomationng" name="vt001verifyCreateLeads" time="18.659"/>
  <testcase classname="com.tfa.vtiger.testscripts.Vtigerautomationng" name="vt004editLead" time="20.092">
    <skipped/>
  </testcase> <!-- vt004editLead -->
  <testcase classname="com.tfa.vtiger.testscripts.Vtigerautomationng" name="vt004editLead" time="19.324">
    <skipped/>
  </testcase> <!-- vt004editLead -->
  <testcase classname="com.tfa.vtiger.testscripts.Vtigerautomationng" name="vt004editLead" time="19.996">
    <failure type="java.lang.AssertionError" message="The result is : - Expected: &amp;apos;Orangee&amp;apos;, Actual: &amp;apos;  Gabbar&amp;apos;">
      <![CDATA[java.lang.AssertionError: The result is : - Expected: 'Orangee', Actual: '  Gabbar'
at org.tfa.vtiger.utils.WebUtil.validateTextEquals(WebUtil.java:932)
at com.tfa.vtiger.testscripts.Vtigerautomationng.vt004editLead(Vtigerautomationng.java:106)
at java.base/java.util.ArrayList.forEach(ArrayList.java:1596)
... Removed 25 stack frames]]>
    </failure>
  </testcase> <!-- vt004editLead -->
</testsuite> <!-- Test -->
