<?xml version="1.0" encoding="UTF-8"?>
<!-- Generated by org.testng.reporters.JUnitXMLReporter -->
<testsuite ignored="0" hostname="Himanshu" failures="0" tests="3" name="Test2" time="16.696" errors="0" timestamp="2026-01-25T14:48:47 IST">
  <testcase classname="com.tfa.vtiger.runner.DataProviderDemo" name="testCaseGoogleSearch" time="5.345"/>
  <testcase classname="com.tfa.vtiger.runner.DataProviderDemo" name="testCaseGoogleSearch" time="5.912"/>
  <testcase classname="com.tfa.vtiger.runner.DataProviderDemo" name="testCaseGoogleSearch" time="5.343"/>
</testsuite> <!-- Test2 -->
